0 info it worked if it ends with ok
1 verbose cli [ '/usr/bin/node', '/usr/bin/npm', 'i', 'discord.', 'mjs' ]
2 info using npm@6.14.8
3 info using node@v14.15.0
4 verbose config Skipping project config: /home/container/.npmrc. (matches userconfig)
5 verbose npm-session 65e8902dd1490526
6 silly install loadCurrentTree
7 silly install readLocalPackageData
8 http fetch GET 404 https://registry.npmjs.org/discord. 1080ms
9 http fetch GET 200 https://registry.npmjs.org/mjs 1097ms
10 http fetch GET 404 https://registry.npmjs.org/discord. 812ms
11 silly fetchPackageMetaData error for discord.@latest 404 Not Found - GET https://registry.npmjs.org/discord. - Not found
12 http fetch GET 200 https://registry.npmjs.org/mjs/-/mjs-1.0.0.tgz 854ms
13 silly pacote tag manifest for mjs@latest fetched in 1967ms
14 timing stage:rollbackFailedOptional Completed in 1ms
15 timing stage:runTopLevelLifecycles Completed in 2371ms
16 verbose stack Error: 404 Not Found - GET https://registry.npmjs.org/discord. - Not found
16 verbose stack     at /usr/lib/node_modules/npm/node_modules/npm-registry-fetch/check-response.js:117:15
16 verbose stack     at processTicksAndRejections (internal/process/task_queues.js:93:5)
17 verbose statusCode 404
18 verbose pkgid discord.@latest
19 verbose cwd /home/container
20 verbose Linux 4.19.0-13-amd64
21 verbose argv "/usr/bin/node" "/usr/bin/npm" "i" "discord." "mjs"
22 verbose node v14.15.0
23 verbose npm  v6.14.8
24 error code E404
25 error 404 Not Found - GET https://registry.npmjs.org/discord. - Not found
26 error 404
27 error 404 'discord.@latest' is not in the npm registry.
28 error 404 You should bug the author to publish it (or use the name yourself!)
29 error 404 Note that you can also install from a
30 error 404 tarball, folder, http url, or git url.
31 verbose exit [ 1, true ]
